#! /usr/share/iverilog-0.9.7/bin/vvp
:ivl_version "0.9.7 " "(v0_9_6)";
:vpi_time_precision + 0;
:vpi_module "system";
:vpi_module "v2005_math";
:vpi_module "va_math";
S_0x10e48e0 .scope module, "d_flip_flop" "d_flip_flop" 2 20;
 .timescale 0 0;
v0x10f2810_0 .net "clk", 0 0, C4<z>; 0 drivers
v0x110f110_0 .net "d", 0 0, C4<z>; 0 drivers
v0x110f1b0_0 .var "q", 0 0;
v0x110f250_0 .net "rst", 0 0, C4<z>; 0 drivers
E_0x10e4720 .event posedge, v0x110f250_0, v0x10f2810_0;
S_0x10f2630 .scope module, "decifra" "decifra" 3 2;
 .timescale 0 0;
P_0x10e39d8 .param/l "BITS" 3 2, +C4<01000000>;
v0x110f8c0_0 .var "a", 0 0;
v0x110f960_0 .var "b", 0 0;
v0x110fa10_0 .var/i "bits_counter", 31 0;
v0x110fa90_0 .var/i "bits_per_group", 31 0;
v0x110fb40_0 .var/i "i", 31 0;
v0x110fbc0_0 .var "in", 63 0;
v0x110fca0_0 .var "otp", 31 0;
v0x110fd40_0 .net "out", 0 0, L_0x1110a30; 1 drivers
S_0x110f300 .scope module, "xorg" "xor_gate" 3 13, 2 2, S_0x10f2630;
 .timescale 0 0;
L_0x1110740 .functor NOT 1, v0x110f8c0_0, C4<0>, C4<0>, C4<0>;
L_0x1110820 .functor NOT 1, v0x110f960_0, C4<0>, C4<0>, C4<0>;
L_0x11108d0 .functor AND 1, L_0x1110740, v0x110f960_0, C4<1>, C4<1>;
L_0x1110980 .functor AND 1, v0x110f8c0_0, L_0x1110820, C4<1>, C4<1>;
L_0x1110a30 .functor OR 1, L_0x11108d0, L_0x1110980, C4<0>, C4<0>;
v0x110f3f0_0 .net "a", 0 0, v0x110f8c0_0; 1 drivers
v0x110f4b0_0 .net "a_bar", 0 0, L_0x1110740; 1 drivers
v0x110f550_0 .net "b", 0 0, v0x110f960_0; 1 drivers
v0x110f5f0_0 .net "b_bar", 0 0, L_0x1110820; 1 drivers
v0x110f6a0_0 .alias "out", 0 0, v0x110fd40_0;
v0x110f740_0 .net "x", 0 0, L_0x11108d0; 1 drivers
v0x110f820_0 .net "y", 0 0, L_0x1110980; 1 drivers
S_0x10f2720 .scope module, "stream_cipher" "stream_cipher" 2 59;
 .timescale 0 0;
P_0x10f1648 .param/l "BITS" 2 59, +C4<01000000>;
v0x1110300_0 .var "ciphered_message", 63 0;
v0x11103c0_0 .net "clk", 0 0, C4<z>; 0 drivers
v0x1110470_0 .net "message", 63 0, C4<zzzzzzzzzzzzzzzzzzzzzzzzzzzzzzzzzzzzzzzzzzzzzzzzzzzzzzzzzzzzzzzz>; 0 drivers
v0x1110520_0 .net "otp", 31 0, C4<zzzzzzzzzzzzzzzzzzzzzzzzzzzzzzzz>; 0 drivers
v0x11105d0_0 .net "rst", 0 0, C4<z>; 0 drivers
v0x1110680_0 .net "shift_register_out", 63 0, v0x1110110_0; 1 drivers
S_0x110fe10 .scope module, "sr" "shift_register" 2 70, 2 38, S_0x10f2720;
 .timescale 0 0;
P_0x110fc48 .param/l "WIDTH" 2 38, +C4<01000000>;
v0x110ffb0_0 .alias "clk", 0 0, v0x11103c0_0;
v0x1110070_0 .alias "data_in", 63 0, v0x1110470_0;
v0x1110110_0 .var "data_out", 63 0;
v0x11101b0_0 .alias "rst", 0 0, v0x11105d0_0;
v0x1110260_0 .net "shift_enable", 0 0, C4<1>; 1 drivers
E_0x110ff40 .event posedge, v0x11101b0_0, v0x110ffb0_0;
    .scope S_0x10e48e0;
T_0 ;
    %wait E_0x10e4720;
    %load/v 8, v0x110f250_0, 1;
    %jmp/0xz  T_0.0, 8;
    %ix/load 0, 1, 0;
    %assign/v0 v0x110f1b0_0, 0, 0;
    %jmp T_0.1;
T_0.0 ;
    %load/v 8, v0x110f110_0, 1;
    %ix/load 0, 1, 0;
    %assign/v0 v0x110f1b0_0, 0, 8;
T_0.1 ;
    %jmp T_0;
    .thread T_0;
    .scope S_0x10f2630;
T_1 ;
    %movi 8, 50665238, 32;
    %movi 40, 52036119, 32;
    %set/v v0x110fbc0_0, 8, 64;
    %end;
    .thread T_1;
    .scope S_0x10f2630;
T_2 ;
    %movi 8, 1718187621, 32;
    %set/v v0x110fca0_0, 8, 32;
    %end;
    .thread T_2;
    .scope S_0x10f2630;
T_3 ;
    %vpi_call 3 17 "$dumpfile", "dump_decifra.vcd";
    %vpi_call 3 18 "$dumpvars", 2'sb01, v0x110f8c0_0, v0x110f960_0, v0x110fd40_0;
    %end;
    .thread T_3;
    .scope S_0x10f2630;
T_4 ;
    %movi 8, 8, 32;
    %set/v v0x110fa90_0, 8, 32;
    %end;
    .thread T_4;
    .scope S_0x10f2630;
T_5 ;
    %set/v v0x110fa10_0, 0, 32;
    %end;
    .thread T_5;
    .scope S_0x10f2630;
T_6 ;
    %movi 8, 63, 32;
    %set/v v0x110fb40_0, 8, 32;
T_6.0 ;
    %load/v 8, v0x110fb40_0, 32;
    %cmp/s 0, 8, 32;
    %or 5, 4, 1;
    %jmp/0xz T_6.1, 5;
    %ix/getv/s 1, v0x110fb40_0;
    %jmp/1 T_6.2, 4;
    %load/x1p 8, v0x110fbc0_0, 1;
    %jmp T_6.3;
T_6.2 ;
    %mov 8, 2, 1;
T_6.3 ;
; Save base=8 wid=1 in lookaside.
    %set/v v0x110f8c0_0, 8, 1;
    %movi 8, 32, 32;
    %load/v 40, v0x110fb40_0, 32;
    %cmp/s 8, 40, 32;
    %or 5, 4, 1;
    %mov 8, 5, 1;
    %jmp/0  T_6.4, 8;
    %load/v 9, v0x110fb40_0, 32;
    %subi 9, 32, 32;
    %ix/get/s 1, 9, 32;
    %jmp/1 T_6.7, 4;
    %load/x1p 9, v0x110fca0_0, 1;
    %jmp T_6.8;
T_6.7 ;
    %mov 9, 2, 1;
T_6.8 ;
; Save base=9 wid=1 in lookaside.
    %jmp/1  T_6.6, 8;
T_6.4 ; End of true expr.
    %ix/getv/s 1, v0x110fb40_0;
    %jmp/1 T_6.9, 4;
    %load/x1p 10, v0x110fca0_0, 1;
    %jmp T_6.10;
T_6.9 ;
    %mov 10, 2, 1;
T_6.10 ;
; Save base=10 wid=1 in lookaside.
    %jmp/0  T_6.5, 8;
 ; End of false expr.
    %blend  9, 10, 1; Condition unknown.
    %jmp  T_6.6;
T_6.5 ;
    %mov 9, 10, 1; Return false value
T_6.6 ;
    %set/v v0x110f960_0, 9, 1;
    %delay 1, 0;
    %vpi_call 3 33 "$write", v0x110fd40_0;
    %load/v 8, v0x110fa10_0, 32;
    %mov 40, 39, 1;
    %addi 8, 1, 33;
    %set/v v0x110fa10_0, 8, 32;
    %load/v 8, v0x110fa10_0, 32;
    %load/v 40, v0x110fa90_0, 32;
    %cmp/u 8, 40, 32;
    %jmp/0xz  T_6.11, 4;
    %vpi_call 3 40 "$write", " ";
    %set/v v0x110fa10_0, 0, 32;
T_6.11 ;
    %load/v 8, v0x110fb40_0, 32;
    %subi 8, 1, 32;
    %set/v v0x110fb40_0, 8, 32;
    %jmp T_6.0;
T_6.1 ;
    %vpi_call 3 46 "$write", "\012";
    %end;
    .thread T_6;
    .scope S_0x110fe10;
T_7 ;
    %wait E_0x110ff40;
    %load/v 8, v0x11101b0_0, 1;
    %jmp/0xz  T_7.0, 8;
    %ix/load 0, 64, 0;
    %assign/v0 v0x1110110_0, 0, 0;
    %jmp T_7.1;
T_7.0 ;
    %load/v 8, v0x1110260_0, 1;
    %jmp/0xz  T_7.2, 8;
    %ix/load 1, 1, 0;
    %mov 4, 0, 1;
    %jmp/1 T_7.4, 4;
    %load/x1p 72, v0x1110110_0, 63;
    %jmp T_7.5;
T_7.4 ;
    %mov 72, 2, 63;
T_7.5 ;
    %mov 8, 72, 63; Move signal select into place
    %ix/load 1, 63, 0;
    %mov 4, 0, 1;
    %jmp/1 T_7.6, 4;
    %load/x1p 72, v0x1110070_0, 1;
    %jmp T_7.7;
T_7.6 ;
    %mov 72, 2, 1;
T_7.7 ;
    %mov 71, 72, 1; Move signal select into place
    %ix/load 0, 64, 0;
    %assign/v0 v0x1110110_0, 0, 8;
T_7.2 ;
T_7.1 ;
    %jmp T_7;
    .thread T_7;
    .scope S_0x10f2720;
T_8 ;
    %wait E_0x110ff40;
    %load/v 8, v0x11105d0_0, 1;
    %jmp/0xz  T_8.0, 8;
    %ix/load 0, 64, 0;
    %assign/v0 v0x1110300_0, 0, 0;
    %jmp T_8.1;
T_8.0 ;
    %load/v 8, v0x1110680_0, 64;
    %mov 72, 0, 32;
    %load/v 104, v0x1110520_0, 32;
    %xor 8, 72, 64;
    %ix/load 0, 64, 0;
    %assign/v0 v0x1110300_0, 0, 8;
T_8.1 ;
    %jmp T_8;
    .thread T_8;
# The file index is used to find the file name in the following table.
:file_names 4;
    "N/A";
    "<interactive>";
    "design.sv";
    "testbench.sv";
